<?xml version="1.0" encoding="UTF-8"?>
<!-- Generated by org.testng.reporters.JUnitReportReporter -->
<testsuite hostname="Ravi_Shankar" failures="0" tests="1" name="ravi.SeleniumFramework.StandAlone" time="15.996" errors="0" timestamp="31 Aug 2022 13:16:28 GMT" skipped="0">
  <testcase classname="ravi.SeleniumFramework.StandAlone" name="submitOrder" time="15.996"/>
</testsuite> <!-- ravi.SeleniumFramework.StandAlone -->
